<?xml version="1.0" encoding="UTF-8"?>
<!-- Generated by org.testng.reporters.JUnitXMLReporter -->
<testsuite ignored="0" hostname="vivobook-asuslaptop-x512flc-x512fl" failures="0" tests="3" name="Default test" time="3.374" errors="0" timestamp="2024-01-16T12:20:48 IST">
  <testcase classname="com.test.Quality_apis.Testing" name="Quality_summary" time="2.373"/>
  <testcase classname="com.test.Quality_apis.Testing" name="Quality_FailedResons" time="0.928"/>
  <testcase classname="com.test.Quality_apis.Testing" name="Quality_AnnotateData" time="0.043"/>
</testsuite> <!-- Default test -->
