<?xml version="1.0" encoding="UTF-8"?>
<testng-results ignored="0" total="3" passed="3" failed="0" skipped="0">
  <reporter-output>
  </reporter-output>
  <suite started-at="2024-01-16T12:20:44 IST" name="Default suite" finished-at="2024-01-16T12:20:48 IST" duration-ms="3374">
    <groups>
    </groups>
    <test started-at="2024-01-16T12:20:44 IST" name="Default test" finished-at="2024-01-16T12:20:48 IST" duration-ms="3374">
      <class name="com.test.Quality_apis.Testing">
        <test-method signature="Quality_summary()[pri:1, instance:com.test.Quality_apis.Testing@29d89d5d]" started-at="2024-01-16T12:20:44 IST" name="Quality_summary" finished-at="2024-01-16T12:20:47 IST" duration-ms="2373" status="PASS">
          <reporter-output>
          </reporter-output>
        </test-method> <!-- Quality_summary -->
        <test-method signature="Quality_FailedResons()[pri:2, instance:com.test.Quality_apis.Testing@29d89d5d]" started-at="2024-01-16T12:20:47 IST" name="Quality_FailedResons" finished-at="2024-01-16T12:20:47 IST" duration-ms="928" status="PASS">
          <reporter-output>
          </reporter-output>
        </test-method> <!-- Quality_FailedResons -->
        <test-method signature="Quality_AnnotateData()[pri:3, instance:com.test.Quality_apis.Testing@29d89d5d]" started-at="2024-01-16T12:20:47 IST" name="Quality_AnnotateData" finished-at="2024-01-16T12:20:48 IST" duration-ms="43" status="PASS">
          <reporter-output>
          </reporter-output>
        </test-method> <!-- Quality_AnnotateData -->
      </class> <!-- com.test.Quality_apis.Testing -->
    </test> <!-- Default test -->
  </suite> <!-- Default suite -->
</testng-results>
