<?xml version="1.0" encoding="UTF-8"?>
<testng-results ignored="0" total="1" passed="1" failed="0" skipped="0">
  <reporter-output>
  </reporter-output>
  <suite started-at="2024-03-21T15:32:50 IST" name="Default suite" finished-at="2024-03-21T15:32:51 IST" duration-ms="1663">
    <groups>
    </groups>
    <test started-at="2024-03-21T15:32:50 IST" name="Default test" finished-at="2024-03-21T15:32:51 IST" duration-ms="1663">
      <class name="com.test.Quality_apis.Quality_AnnotatedData_api">
        <test-method signature="Quality_AnnotateData()[pri:1, instance:com.test.Quality_apis.Quality_AnnotatedData_api@f736069]" started-at="2024-03-21T15:32:50 IST" name="Quality_AnnotateData" finished-at="2024-03-21T15:32:51 IST" duration-ms="1632" status="PASS">
          <reporter-output>
          </reporter-output>
        </test-method> <!-- Quality_AnnotateData -->
      </class> <!-- com.test.Quality_apis.Quality_AnnotatedData_api -->
    </test> <!-- Default test -->
  </suite> <!-- Default suite -->
</testng-results>
